[@churros/app]: /home/uwun/projects/churros/packages/app/src/lib/components/FormService.svelte
[@churros/app]: /home/uwun/projects/churros/packages/app/src/lib/components/FormShopItem.svelte
[@churros/app]: /home/uwun/projects/churros/packages/app/src/lib/components/FormUser.svelte
[@churros/app]: /home/uwun/projects/churros/packages/app/src/lib/components/InputEvent.svelte
[@churros/app]: /home/uwun/projects/churros/packages/app/src/lib/components/InputRadios.svelte
[@churros/app]: /home/uwun/projects/churros/packages/app/src/lib/components/InputSelectOneDropdown.svelte
[@churros/app]: /home/uwun/projects/churros/packages/app/src/lib/components/InputToggleTriState.svelte
[@churros/app]: /home/uwun/projects/churros/packages/app/src/lib/components/ItemBuyingTable.svelte
[@churros/app]: /home/uwun/projects/churros/packages/app/src/lib/components/ItemOrder.svelte
[@churros/app]: /home/uwun/projects/churros/packages/app/src/lib/components/ItemTicket.svelte
[@churros/app]: /home/uwun/projects/churros/packages/app/src/lib/components/ModalChangelog.svelte
[@churros/app]: /home/uwun/projects/churros/packages/app/src/lib/components/ModalCreateCustomPage.svelte
[@churros/app]: /home/uwun/projects/churros/packages/app/src/lib/components/ModalCreateGroup.svelte
[@churros/app]: /home/uwun/projects/churros/packages/app/src/lib/components/ModalDeleteCustomPage.svelte
[@churros/app]: /home/uwun/projects/churros/packages/app/src/lib/components/NavigationTop.svelte
[@churros/app]: /home/uwun/projects/churros/packages/app/src/lib/components/PickMajor.svelte
[@churros/app]: /home/uwun/projects/churros/packages/app/src/lib/display.ts
[@churros/app]: /home/uwun/projects/churros/packages/app/src/routes/(app)/announcements/+page.ts
[@churros/app]: /home/uwun/projects/churros/packages/app/src/routes/(app)/backrooms/services/+page.ts
[@churros/app]: /home/uwun/projects/churros/packages/app/src/routes/(app)/bar-weeks/+page.ts
[@churros/app]: /home/uwun/projects/churros/packages/app/src/routes/(app)/birthdays/+page.ts
[@churros/app]: /home/uwun/projects/churros/packages/app/src/routes/(app)/boards/+page.ts
[@churros/app]: /home/uwun/projects/churros/packages/app/src/routes/(app)/claim-code/[code]/+page.ts
[@churros/app]: /home/uwun/projects/churros/packages/app/src/routes/(app)/claim-code/+page.ts
[@churros/app]: /home/uwun/projects/churros/packages/app/src/routes/(app)/credits/+page.ts
[@churros/app]: /home/uwun/projects/churros/packages/app/src/routes/(app)/documents/[major]/+page.ts
[@churros/app]: /home/uwun/projects/churros/packages/app/src/routes/(app)/documents/[major]/[yearTier=display_year_tier]/+page.ts
[@churros/app]: /home/uwun/projects/churros/packages/app/src/routes/(app)/documents/[major]/[yearTier=display_year_tier]/[subject]/create/+page.ts
[@churros/app]: /home/uwun/projects/churros/packages/app/src/routes/(app)/documents/[major]/[yearTier=display_year_tier]/[subject]/[document]/edit/+page.ts
[@churros/app]: /home/uwun/projects/churros/packages/app/src/routes/(app)/documents/[major]/[yearTier=display_year_tier]/[subject]/[document]/+page.ts
[@churros/app]: /home/uwun/projects/churros/packages/app/src/routes/(app)/documents/[major]/[yearTier=display_year_tier]/[subject]/+page.ts
[@churros/app]: /home/uwun/projects/churros/packages/app/src/routes/(app)/[entity=entity_handle]/+server.ts
[@churros/app]: /home/uwun/projects/churros/packages/app/src/routes/(app)/events/[id]/bookings/+page.ts
[@churros/app]: /home/uwun/projects/churros/packages/app/src/routes/(app)/events/[id]/[slug]/[...path]/+server.ts
[@churros/app]: /home/uwun/projects/churros/packages/app/src/routes/(app)/forms/create/+page.ts
[@churros/app]: /home/uwun/projects/churros/packages/app/src/routes/(app)/forms/[form]/answered/+page.ts
[@churros/app]: /home/uwun/projects/churros/packages/app/src/routes/(app)/forms/[form]/answers/analytics/+page.ts
[@churros/app]: /home/uwun/projects/churros/packages/app/src/routes/(app)/forms/[form]/answer/[[section]]/+page.server.ts
[@churros/app]: /home/uwun/projects/churros/packages/app/src/routes/(app)/forms/[form]/answer/[[section]]/+page.ts
[@churros/app]: /home/uwun/projects/churros/packages/app/src/routes/(app)/forms/[form]/answers/+layout.ts
[@churros/app]: /home/uwun/projects/churros/packages/app/src/routes/(app)/forms/[form]/answers/+page.ts
[@churros/app]: /home/uwun/projects/churros/packages/app/src/routes/(app)/forms/[form]/edit/+page.ts
[@churros/app]: /home/uwun/projects/churros/packages/app/src/routes/(app)/forms/[form]/+layout.ts
[@churros/app]: /home/uwun/projects/churros/packages/app/src/routes/(app)/forms/+page.ts
[@churros/app]: /home/uwun/projects/churros/packages/app/src/routes/(app)/groups/+page.ts
[@churros/app]: /home/uwun/projects/churros/packages/app/src/routes/(app)/groups/[uid]/edit/bank-accounts/+page.ts
[@churros/app]: /home/uwun/projects/churros/packages/app/src/routes/(app)/groups/[uid]/edit/+layout.ts
[@churros/app]: /home/uwun/projects/churros/packages/app/src/routes/(app)/groups/[uid]/edit/+page.ts
[@churros/app]: /home/uwun/projects/churros/packages/app/src/routes/(app)/groups/[uid]/+layout.ts
[@churros/app]: /home/uwun/projects/churros/packages/app/src/routes/(app)/NavigationTop.svelte
[@churros/app]: /home/uwun/projects/churros/packages/app/src/routes/(app)/quick-signups/manage/+page.ts
[@churros/app]: /home/uwun/projects/churros/packages/app/src/routes/developers/apps/[id]/+page.ts
[@churros/app]: /home/uwun/projects/churros/packages/app/src/routes/developers/apps/+page.ts
[@churros/app]: /home/uwun/projects/churros/packages/app/src/routes/developers/+layout.ts
[@churros/app]: /home/uwun/projects/churros/packages/app/src/routes/(external)/authorize/+page.ts
[@churros/app]: /home/uwun/projects/churros/packages/app/src/routes/(external)/connect/google/callback/+page.ts
[@churros/app]: /home/uwun/projects/churros/packages/app/src/routes/(external)/kiosk/+page.ts
[@churros/app]: Injecting PUBLIC_STORAGE_URL=`https://${sw.location.hostname}/storage` into /home/uwun/projects/churros/packages/app/src/service-worker.ts
[@churros/app]:     src/routes/(app)/users/[uid]/edit/+page.svelte 97:5  root stylesheet
Injecting build info into packages/app/src/lib/buildinfo.ts, packages/api/src/lib/buildinfo.ts, packages/app/svelte.config.js
Injecting CURRENT_COMMIT="45c28d0ecbfb8296380c5f0ef1b1b4a9ca846a32" into packages/api/src/lib/buildinfo.ts
Injecting CURRENT_COMMIT="45c28d0ecbfb8296380c5f0ef1b1b4a9ca846a32" into packages/app/src/lib/buildinfo.ts
Injecting CURRENT_VERSION="1.69.1" into packages/api/src/lib/buildinfo.ts
Injecting CURRENT_VERSION="1.69.1" into packages/app/src/lib/buildinfo.ts
